mode: atomic
github.com/spaghettifunk/norman/internal/common/entities/datetime.go:53.72,54.18 1 11
github.com/spaghettifunk/norman/internal/common/entities/datetime.go:54.18,56.3 1 0
github.com/spaghettifunk/norman/internal/common/entities/datetime.go:58.2,58.42 1 11
github.com/spaghettifunk/norman/internal/common/entities/datetime.go:58.42,60.3 1 7
github.com/spaghettifunk/norman/internal/common/entities/datetime.go:60.8,63.3 1 4
github.com/spaghettifunk/norman/internal/common/entities/datetime.go:66.62,69.90 2 7
github.com/spaghettifunk/norman/internal/common/entities/datetime.go:69.90,71.3 1 0
github.com/spaghettifunk/norman/internal/common/entities/datetime.go:73.2,75.16 3 7
github.com/spaghettifunk/norman/internal/common/entities/datetime.go:75.16,77.3 1 0
github.com/spaghettifunk/norman/internal/common/entities/datetime.go:78.2,78.15 1 7
github.com/spaghettifunk/norman/internal/common/entities/datetime.go:78.15,80.3 1 0
github.com/spaghettifunk/norman/internal/common/entities/datetime.go:82.2,83.9 2 7
github.com/spaghettifunk/norman/internal/common/entities/datetime.go:83.9,85.3 1 0
github.com/spaghettifunk/norman/internal/common/entities/datetime.go:87.2,88.27 2 7
github.com/spaghettifunk/norman/internal/common/entities/datetime.go:88.27,90.3 1 0
github.com/spaghettifunk/norman/internal/common/entities/datetime.go:92.2,93.16 2 7
github.com/spaghettifunk/norman/internal/common/entities/datetime.go:93.16,95.3 1 0
github.com/spaghettifunk/norman/internal/common/entities/datetime.go:96.2,96.20 1 7
github.com/spaghettifunk/norman/internal/common/entities/datetime.go:97.13,102.9 1 4
github.com/spaghettifunk/norman/internal/common/entities/datetime.go:104.17,109.9 1 3
github.com/spaghettifunk/norman/internal/common/entities/datetime.go:111.26,116.9 1 0
github.com/spaghettifunk/norman/internal/common/entities/datetime.go:118.10,119.176 1 0
github.com/spaghettifunk/norman/internal/common/entities/datetime.go:123.61,125.76 2 4
github.com/spaghettifunk/norman/internal/common/entities/datetime.go:125.76,127.3 1 0
github.com/spaghettifunk/norman/internal/common/entities/datetime.go:129.2,130.20 2 4
github.com/spaghettifunk/norman/internal/common/entities/datetime.go:131.13,133.17 2 1
github.com/spaghettifunk/norman/internal/common/entities/datetime.go:133.17,135.4 1 0
github.com/spaghettifunk/norman/internal/common/entities/datetime.go:136.3,140.9 1 1
github.com/spaghettifunk/norman/internal/common/entities/datetime.go:141.17,143.17 2 1
github.com/spaghettifunk/norman/internal/common/entities/datetime.go:143.17,145.4 1 0
github.com/spaghettifunk/norman/internal/common/entities/datetime.go:146.3,150.9 1 1
github.com/spaghettifunk/norman/internal/common/entities/datetime.go:152.26,154.22 2 1
github.com/spaghettifunk/norman/internal/common/entities/datetime.go:154.22,156.4 1 1
github.com/spaghettifunk/norman/internal/common/entities/datetime.go:158.3,159.22 2 1
github.com/spaghettifunk/norman/internal/common/entities/datetime.go:159.22,161.4 1 1
github.com/spaghettifunk/norman/internal/common/entities/datetime.go:163.3,164.17 2 1
github.com/spaghettifunk/norman/internal/common/entities/datetime.go:164.17,166.4 1 0
github.com/spaghettifunk/norman/internal/common/entities/datetime.go:168.3,172.9 1 1
github.com/spaghettifunk/norman/internal/common/entities/datetime.go:174.10,175.168 1 1
github.com/spaghettifunk/norman/internal/common/entities/datetime.go:179.78,182.21 3 2
github.com/spaghettifunk/norman/internal/common/entities/datetime.go:182.21,185.17 3 0
github.com/spaghettifunk/norman/internal/common/entities/datetime.go:185.17,187.4 1 0
github.com/spaghettifunk/norman/internal/common/entities/datetime.go:188.3,188.16 1 0
github.com/spaghettifunk/norman/internal/common/entities/datetime.go:188.16,190.4 1 0
github.com/spaghettifunk/norman/internal/common/entities/datetime.go:193.2,193.21 1 2
github.com/spaghettifunk/norman/internal/common/entities/datetime.go:193.21,195.10 2 1
github.com/spaghettifunk/norman/internal/common/entities/datetime.go:195.10,197.4 1 0
github.com/spaghettifunk/norman/internal/common/entities/datetime.go:198.3,198.16 1 1
github.com/spaghettifunk/norman/internal/common/entities/datetime.go:201.2,201.22 1 2
github.com/spaghettifunk/norman/internal/common/entities/datetime.go:209.115,211.2 1 8
github.com/spaghettifunk/norman/internal/common/entities/granularity.go:15.66,17.57 2 7
github.com/spaghettifunk/norman/internal/common/entities/granularity.go:17.57,19.3 1 0
github.com/spaghettifunk/norman/internal/common/entities/granularity.go:21.2,22.16 2 7
github.com/spaghettifunk/norman/internal/common/entities/granularity.go:22.16,24.3 1 0
github.com/spaghettifunk/norman/internal/common/entities/granularity.go:26.2,27.9 2 7
github.com/spaghettifunk/norman/internal/common/entities/granularity.go:27.9,29.3 1 0
github.com/spaghettifunk/norman/internal/common/entities/granularity.go:31.2,34.8 1 7
github.com/spaghettifunk/norman/internal/common/entities/schema.go:39.52,41.2 1 0
github.com/spaghettifunk/norman/internal/common/entities/schema.go:43.62,45.33 1 0
github.com/spaghettifunk/norman/internal/common/entities/schema.go:45.33,47.3 1 0
github.com/spaghettifunk/norman/internal/common/entities/schema.go:49.2,54.42 5 0
github.com/spaghettifunk/norman/internal/common/entities/schema.go:57.53,59.50 2 0
github.com/spaghettifunk/norman/internal/common/entities/schema.go:59.50,66.3 2 0
github.com/spaghettifunk/norman/internal/common/entities/schema.go:67.2,67.15 1 0
github.com/spaghettifunk/norman/internal/common/entities/schema.go:70.50,72.44 2 0
github.com/spaghettifunk/norman/internal/common/entities/schema.go:72.44,79.3 2 0
github.com/spaghettifunk/norman/internal/common/entities/schema.go:80.2,80.15 1 0
github.com/spaghettifunk/norman/internal/common/entities/schema.go:83.49,90.2 2 0
github.com/spaghettifunk/norman/internal/common/entities/schema.go:92.67,94.2 1 0
github.com/spaghettifunk/norman/internal/common/entities/schema.go:96.61,98.2 1 0
github.com/spaghettifunk/norman/internal/common/entities/table.go:13.60,15.16 2 0
github.com/spaghettifunk/norman/internal/common/entities/table.go:15.16,17.3 1 0
github.com/spaghettifunk/norman/internal/common/entities/table.go:18.2,22.8 1 0
github.com/spaghettifunk/norman/internal/common/entities/table.go:25.52,27.2 1 0
github.com/spaghettifunk/norman/internal/common/entities/table.go:29.49,31.2 1 0
github.com/spaghettifunk/norman/internal/common/entities/table.go:33.48,35.2 1 0
github.com/spaghettifunk/norman/internal/storage/ingestion/offline/blob/s3.go:29.69,34.2 1 0
github.com/spaghettifunk/norman/internal/storage/ingestion/offline/blob/s3.go:37.66,43.16 2 0
github.com/spaghettifunk/norman/internal/storage/ingestion/offline/blob/s3.go:43.16,45.3 1 0
github.com/spaghettifunk/norman/internal/storage/ingestion/offline/blob/s3.go:47.2,47.21 1 0
github.com/spaghettifunk/norman/internal/storage/ingestion/offline/blob/s3.go:52.50,61.35 2 0
github.com/spaghettifunk/norman/internal/storage/ingestion/offline/blob/s3.go:61.35,63.3 1 0
github.com/spaghettifunk/norman/internal/storage/ingestion/offline/blob/s3.go:64.2,64.13 1 0
github.com/spaghettifunk/norman/internal/storage/ingestion/offline/blob/s3.go:69.67,74.17 2 0
github.com/spaghettifunk/norman/internal/storage/ingestion/offline/blob/s3.go:74.17,80.3 2 0
github.com/spaghettifunk/norman/internal/storage/ingestion/offline/blob/s3.go:81.2,81.19 1 0
github.com/spaghettifunk/norman/internal/storage/ingestion/offline/blob/s3.go:86.67,91.17 2 0
github.com/spaghettifunk/norman/internal/storage/ingestion/offline/blob/s3.go:91.17,94.17 2 0
github.com/spaghettifunk/norman/internal/storage/ingestion/offline/blob/s3.go:94.17,96.4 1 0
github.com/spaghettifunk/norman/internal/storage/ingestion/offline/blob/s3.go:97.3,100.19 2 0
github.com/spaghettifunk/norman/internal/storage/ingestion/offline/blob/s3.go:102.2,102.19 1 0
github.com/spaghettifunk/norman/internal/storage/ingestion/offline/blob/s3.go:106.63,112.18 2 0
github.com/spaghettifunk/norman/internal/storage/ingestion/offline/blob/s3.go:112.18,114.118 2 0
github.com/spaghettifunk/norman/internal/storage/ingestion/offline/blob/s3.go:114.118,116.4 1 0
github.com/spaghettifunk/norman/internal/storage/ingestion/offline/blob/s3.go:118.2,118.12 1 0
github.com/spaghettifunk/norman/internal/storage/ingestion/offline/blob/s3.go:122.73,125.16 2 0
github.com/spaghettifunk/norman/internal/storage/ingestion/offline/blob/s3.go:125.16,127.3 1 0
github.com/spaghettifunk/norman/internal/storage/ingestion/offline/blob/s3.go:129.2,129.15 1 0
github.com/spaghettifunk/norman/internal/storage/ingestion/offline/blob/s3.go:129.15,131.3 1 0
github.com/spaghettifunk/norman/internal/storage/ingestion/offline/blob/s3.go:134.2,139.16 5 0
github.com/spaghettifunk/norman/internal/storage/ingestion/offline/blob/s3.go:139.16,141.3 1 0
github.com/spaghettifunk/norman/internal/storage/ingestion/offline/blob/s3.go:145.2,155.12 2 0
github.com/spaghettifunk/norman/internal/storage/manager/index_manager.go:37.48,42.2 1 5
github.com/spaghettifunk/norman/internal/storage/manager/index_manager.go:45.102,46.34 1 9
github.com/spaghettifunk/norman/internal/storage/manager/index_manager.go:46.34,48.3 1 1
github.com/spaghettifunk/norman/internal/storage/manager/index_manager.go:50.2,50.19 1 8
github.com/spaghettifunk/norman/internal/storage/manager/index_manager.go:51.25,52.63 1 4
github.com/spaghettifunk/norman/internal/storage/manager/index_manager.go:53.19,54.57 1 1
github.com/spaghettifunk/norman/internal/storage/manager/index_manager.go:55.18,56.56 1 1
github.com/spaghettifunk/norman/internal/storage/manager/index_manager.go:57.19,58.57 1 1
github.com/spaghettifunk/norman/internal/storage/manager/index_manager.go:59.10,60.54 1 1
github.com/spaghettifunk/norman/internal/storage/manager/index_manager.go:62.2,62.12 1 7
github.com/spaghettifunk/norman/internal/storage/manager/index_manager.go:65.82,70.9 4 11
github.com/spaghettifunk/norman/internal/storage/manager/index_manager.go:70.9,73.3 2 1
github.com/spaghettifunk/norman/internal/storage/manager/index_manager.go:75.2,75.32 1 10
github.com/spaghettifunk/norman/internal/storage/manager/index_manager.go:78.82,80.9 2 4
github.com/spaghettifunk/norman/internal/storage/manager/index_manager.go:80.9,83.3 2 1
github.com/spaghettifunk/norman/internal/storage/manager/index_manager.go:84.2,84.26 1 3
github.com/spaghettifunk/norman/internal/storage/manager/index_manager.go:87.46,92.62 3 1
github.com/spaghettifunk/norman/internal/storage/manager/index_manager.go:92.62,94.3 1 0
github.com/spaghettifunk/norman/internal/storage/manager/index_manager.go:97.2,98.53 2 1
github.com/spaghettifunk/norman/internal/storage/manager/index_manager.go:98.53,99.52 1 1
github.com/spaghettifunk/norman/internal/storage/manager/index_manager.go:99.52,101.4 1 0
github.com/spaghettifunk/norman/internal/storage/manager/index_manager.go:102.3,102.16 1 1
github.com/spaghettifunk/norman/internal/storage/manager/index_manager.go:102.16,104.4 1 1
github.com/spaghettifunk/norman/internal/storage/manager/index_manager.go:108.2,109.16 2 1
github.com/spaghettifunk/norman/internal/storage/manager/index_manager.go:109.16,111.3 1 0
github.com/spaghettifunk/norman/internal/storage/manager/index_manager.go:113.2,114.31 2 1
github.com/spaghettifunk/norman/internal/storage/manager/index_manager.go:114.31,116.3 1 0
github.com/spaghettifunk/norman/internal/storage/manager/index_manager.go:117.2,117.12 1 1
github.com/spaghettifunk/norman/internal/storage/manager/index_manager.go:120.55,122.53 2 0
github.com/spaghettifunk/norman/internal/storage/manager/index_manager.go:122.53,124.3 1 0
github.com/spaghettifunk/norman/internal/storage/manager/index_manager.go:126.2,127.16 2 0
github.com/spaghettifunk/norman/internal/storage/manager/index_manager.go:127.16,129.3 1 0
github.com/spaghettifunk/norman/internal/storage/manager/index_manager.go:131.2,132.60 2 0
github.com/spaghettifunk/norman/internal/storage/manager/index_manager.go:132.60,134.3 1 0
github.com/spaghettifunk/norman/internal/storage/manager/index_manager.go:135.2,135.17 1 0
github.com/spaghettifunk/norman/internal/storage/manager/startree_index_manager.go:12.95,17.2 1 0
github.com/spaghettifunk/norman/internal/storage/manager/startree_index_manager.go:19.105,21.2 1 0
github.com/spaghettifunk/norman/internal/storage/manager/table_manager.go:44.26,44.54 1 1
github.com/spaghettifunk/norman/internal/storage/manager/table_manager.go:47.68,50.16 2 3
github.com/spaghettifunk/norman/internal/storage/manager/table_manager.go:50.16,52.3 1 0
github.com/spaghettifunk/norman/internal/storage/manager/table_manager.go:56.2,57.58 2 3
github.com/spaghettifunk/norman/internal/storage/manager/table_manager.go:57.58,59.3 1 0
github.com/spaghettifunk/norman/internal/storage/manager/table_manager.go:61.2,64.16 3 3
github.com/spaghettifunk/norman/internal/storage/manager/table_manager.go:64.16,66.3 1 0
github.com/spaghettifunk/norman/internal/storage/manager/table_manager.go:69.2,82.8 3 3
github.com/spaghettifunk/norman/internal/storage/manager/table_manager.go:85.49,90.16 4 3
github.com/spaghettifunk/norman/internal/storage/manager/table_manager.go:90.16,92.3 1 0
github.com/spaghettifunk/norman/internal/storage/manager/table_manager.go:93.2,94.12 2 3
github.com/spaghettifunk/norman/internal/storage/manager/table_manager.go:97.54,99.53 2 4
github.com/spaghettifunk/norman/internal/storage/manager/table_manager.go:99.53,101.3 1 0
github.com/spaghettifunk/norman/internal/storage/manager/table_manager.go:104.2,108.42 3 4
github.com/spaghettifunk/norman/internal/storage/manager/table_manager.go:108.42,110.3 1 1
github.com/spaghettifunk/norman/internal/storage/manager/table_manager.go:112.2,118.91 3 4
github.com/spaghettifunk/norman/internal/storage/manager/table_manager.go:118.91,119.42 1 1
github.com/spaghettifunk/norman/internal/storage/manager/table_manager.go:119.42,121.4 1 0
github.com/spaghettifunk/norman/internal/storage/manager/table_manager.go:122.3,122.46 1 1
github.com/spaghettifunk/norman/internal/storage/manager/table_manager.go:122.46,124.4 1 0
github.com/spaghettifunk/norman/internal/storage/manager/table_manager.go:126.3,127.69 2 1
github.com/spaghettifunk/norman/internal/storage/manager/table_manager.go:130.2,133.12 3 4
github.com/spaghettifunk/norman/internal/storage/manager/table_manager.go:136.76,152.2 13 4
github.com/spaghettifunk/norman/internal/storage/manager/table_manager.go:155.67,156.54 1 4
github.com/spaghettifunk/norman/internal/storage/manager/table_manager.go:156.54,158.10 2 12
github.com/spaghettifunk/norman/internal/storage/manager/table_manager.go:158.10,161.4 2 0
github.com/spaghettifunk/norman/internal/storage/manager/table_manager.go:162.3,163.31 2 12
github.com/spaghettifunk/norman/internal/storage/manager/table_manager.go:170.45,172.54 2 2
github.com/spaghettifunk/norman/internal/storage/manager/table_manager.go:172.54,174.3 1 0
github.com/spaghettifunk/norman/internal/storage/manager/table_manager.go:176.2,177.12 2 2
github.com/spaghettifunk/norman/internal/storage/manager/table_manager.go:182.95,183.20 1 12
github.com/spaghettifunk/norman/internal/storage/manager/table_manager.go:184.34,186.42 2 0
github.com/spaghettifunk/norman/internal/storage/manager/table_manager.go:187.35,189.43 2 4
github.com/spaghettifunk/norman/internal/storage/manager/table_manager.go:190.36,192.44 2 0
github.com/spaghettifunk/norman/internal/storage/manager/table_manager.go:193.36,195.44 2 0
github.com/spaghettifunk/norman/internal/storage/manager/table_manager.go:196.37,198.44 2 0
github.com/spaghettifunk/norman/internal/storage/manager/table_manager.go:199.34,201.42 2 4
github.com/spaghettifunk/norman/internal/storage/manager/table_manager.go:202.32,204.43 2 4
github.com/spaghettifunk/norman/internal/storage/manager/table_manager.go:205.32,207.42 2 0
github.com/spaghettifunk/norman/pkg/indexer/bitmap/bitmap_index.go:15.66,20.2 1 0
github.com/spaghettifunk/norman/pkg/indexer/bitmap/bitmap_index.go:22.70,24.9 2 0
github.com/spaghettifunk/norman/pkg/indexer/bitmap/bitmap_index.go:24.9,27.3 2 0
github.com/spaghettifunk/norman/pkg/indexer/bitmap/bitmap_index.go:30.2,30.32 1 0
github.com/spaghettifunk/norman/pkg/indexer/bitmap/bitmap_index.go:30.32,32.3 1 0
github.com/spaghettifunk/norman/pkg/indexer/bitmap/bitmap_index.go:33.2,35.13 2 0
github.com/spaghettifunk/norman/pkg/indexer/bitmap/bitmap_index.go:38.61,40.2 1 0
github.com/spaghettifunk/norman/pkg/indexer/bitmap/bitmap_index.go:42.69,44.2 1 0
github.com/spaghettifunk/norman/pkg/indexer/bitmap/bitmap_index.go:46.49,48.2 1 0
github.com/spaghettifunk/norman/pkg/indexer/inverted/text/filter.go:10.74,12.31 2 13
github.com/spaghettifunk/norman/pkg/indexer/inverted/text/filter.go:12.31,14.3 1 51
github.com/spaghettifunk/norman/pkg/indexer/inverted/text/filter.go:15.2,15.10 1 13
github.com/spaghettifunk/norman/pkg/indexer/inverted/text/filter.go:24.73,26.31 2 13
github.com/spaghettifunk/norman/pkg/indexer/inverted/text/filter.go:26.31,27.30 1 51
github.com/spaghettifunk/norman/pkg/indexer/inverted/text/filter.go:27.30,29.4 1 25
github.com/spaghettifunk/norman/pkg/indexer/inverted/text/filter.go:31.2,31.10 1 13
github.com/spaghettifunk/norman/pkg/indexer/inverted/text/filter.go:35.72,37.31 2 13
github.com/spaghettifunk/norman/pkg/indexer/inverted/text/filter.go:37.31,39.3 1 25
github.com/spaghettifunk/norman/pkg/indexer/inverted/text/filter.go:40.2,40.10 1 13
github.com/spaghettifunk/norman/pkg/indexer/inverted/text/text_inverted_index.go:19.72,21.33 2 3
github.com/spaghettifunk/norman/pkg/indexer/inverted/text/text_inverted_index.go:21.33,23.3 1 105
github.com/spaghettifunk/norman/pkg/indexer/inverted/text/text_inverted_index.go:25.2,29.3 1 3
github.com/spaghettifunk/norman/pkg/indexer/inverted/text/text_inverted_index.go:33.76,36.9 2 8
github.com/spaghettifunk/norman/pkg/indexer/inverted/text/text_inverted_index.go:36.9,39.3 2 0
github.com/spaghettifunk/norman/pkg/indexer/inverted/text/text_inverted_index.go:41.2,44.30 3 8
github.com/spaghettifunk/norman/pkg/indexer/inverted/text/text_inverted_index.go:44.30,45.33 1 18
github.com/spaghettifunk/norman/pkg/indexer/inverted/text/text_inverted_index.go:45.33,46.12 1 2
github.com/spaghettifunk/norman/pkg/indexer/inverted/text/text_inverted_index.go:49.3,50.10 2 16
github.com/spaghettifunk/norman/pkg/indexer/inverted/text/text_inverted_index.go:50.10,53.4 2 10
github.com/spaghettifunk/norman/pkg/indexer/inverted/text/text_inverted_index.go:55.3,56.23 2 16
github.com/spaghettifunk/norman/pkg/indexer/inverted/text/text_inverted_index.go:58.2,58.13 1 8
github.com/spaghettifunk/norman/pkg/indexer/inverted/text/text_inverted_index.go:62.67,65.9 2 5
github.com/spaghettifunk/norman/pkg/indexer/inverted/text/text_inverted_index.go:65.9,68.3 2 0
github.com/spaghettifunk/norman/pkg/indexer/inverted/text/text_inverted_index.go:69.2,70.40 2 5
github.com/spaghettifunk/norman/pkg/indexer/inverted/text/text_inverted_index.go:70.40,71.36 1 7
github.com/spaghettifunk/norman/pkg/indexer/inverted/text/text_inverted_index.go:71.36,72.16 1 6
github.com/spaghettifunk/norman/pkg/indexer/inverted/text/text_inverted_index.go:72.16,75.28 3 4
github.com/spaghettifunk/norman/pkg/indexer/inverted/text/text_inverted_index.go:75.28,77.6 1 8
github.com/spaghettifunk/norman/pkg/indexer/inverted/text/text_inverted_index.go:78.10,81.5 1 2
github.com/spaghettifunk/norman/pkg/indexer/inverted/text/text_inverted_index.go:82.9,85.4 1 1
github.com/spaghettifunk/norman/pkg/indexer/inverted/text/text_inverted_index.go:87.2,87.20 1 4
github.com/spaghettifunk/norman/pkg/indexer/inverted/text/text_inverted_index.go:90.55,92.2 1 0
github.com/spaghettifunk/norman/pkg/indexer/inverted/text/tokenizer.go:9.63,10.52 1 13
github.com/spaghettifunk/norman/pkg/indexer/inverted/text/tokenizer.go:10.52,13.3 1 281
github.com/spaghettifunk/norman/pkg/indexer/inverted/text/tokenizer.go:17.62,23.2 5 13
github.com/spaghettifunk/norman/pkg/indexer/range/range_index.go:14.65,19.2 1 1
github.com/spaghettifunk/norman/pkg/indexer/range/range_index.go:21.69,23.9 2 0
github.com/spaghettifunk/norman/pkg/indexer/range/range_index.go:23.9,26.3 2 0
github.com/spaghettifunk/norman/pkg/indexer/range/range_index.go:27.2,27.13 1 0
github.com/spaghettifunk/norman/pkg/indexer/range/range_index.go:30.60,32.9 2 0
github.com/spaghettifunk/norman/pkg/indexer/range/range_index.go:32.9,35.3 2 0
github.com/spaghettifunk/norman/pkg/indexer/range/range_index.go:36.2,36.12 1 0
github.com/spaghettifunk/norman/pkg/indexer/range/range_index.go:39.48,41.2 1 0
github.com/spaghettifunk/norman/pkg/indexer/sorted/sorted_index.go:12.66,16.2 1 1
github.com/spaghettifunk/norman/pkg/indexer/sorted/sorted_index.go:18.70,20.9 2 0
github.com/spaghettifunk/norman/pkg/indexer/sorted/sorted_index.go:20.9,23.3 2 0
github.com/spaghettifunk/norman/pkg/indexer/sorted/sorted_index.go:24.2,24.13 1 0
github.com/spaghettifunk/norman/pkg/indexer/sorted/sorted_index.go:27.61,29.9 2 0
github.com/spaghettifunk/norman/pkg/indexer/sorted/sorted_index.go:29.9,32.3 2 0
github.com/spaghettifunk/norman/pkg/indexer/sorted/sorted_index.go:33.2,33.12 1 0
github.com/spaghettifunk/norman/pkg/indexer/sorted/sorted_index.go:36.49,38.2 1 0
github.com/spaghettifunk/norman/pkg/indexer/startree/star_tree_index.go:30.43,38.2 1 0
github.com/spaghettifunk/norman/pkg/indexer/startree/star_tree_index.go:40.131,41.32 1 0
github.com/spaghettifunk/norman/pkg/indexer/startree/star_tree_index.go:41.32,43.50 1 0
github.com/spaghettifunk/norman/pkg/indexer/startree/star_tree_index.go:43.50,46.4 1 0
github.com/spaghettifunk/norman/pkg/indexer/startree/star_tree_index.go:47.3,47.13 1 0
github.com/spaghettifunk/norman/pkg/indexer/startree/star_tree_index.go:50.2,52.9 3 0
github.com/spaghettifunk/norman/pkg/indexer/startree/star_tree_index.go:52.9,54.3 1 0
github.com/spaghettifunk/norman/pkg/indexer/startree/star_tree_index.go:57.2,58.34 2 0
github.com/spaghettifunk/norman/pkg/indexer/startree/star_tree_index.go:58.34,59.76 1 0
github.com/spaghettifunk/norman/pkg/indexer/startree/star_tree_index.go:59.76,61.9 2 0
github.com/spaghettifunk/norman/pkg/indexer/startree/star_tree_index.go:66.2,66.18 1 0
github.com/spaghettifunk/norman/pkg/indexer/startree/star_tree_index.go:66.18,75.3 2 0
github.com/spaghettifunk/norman/pkg/indexer/startree/star_tree_index.go:78.2,78.58 1 0
github.com/spaghettifunk/norman/pkg/workerpool/workerpool.go:43.67,44.21 1 7
github.com/spaghettifunk/norman/pkg/workerpool/workerpool.go:44.21,46.3 1 2
github.com/spaghettifunk/norman/pkg/workerpool/workerpool.go:47.2,47.21 1 5
github.com/spaghettifunk/norman/pkg/workerpool/workerpool.go:47.21,49.3 1 1
github.com/spaghettifunk/norman/pkg/workerpool/workerpool.go:51.2,59.8 2 4
github.com/spaghettifunk/norman/pkg/workerpool/workerpool.go:62.30,63.20 1 4
github.com/spaghettifunk/norman/pkg/workerpool/workerpool.go:63.20,66.3 2 3
github.com/spaghettifunk/norman/pkg/workerpool/workerpool.go:69.37,70.36 1 3
github.com/spaghettifunk/norman/pkg/workerpool/workerpool.go:70.36,71.26 1 11
github.com/spaghettifunk/norman/pkg/workerpool/workerpool.go:71.26,73.8 2 11
github.com/spaghettifunk/norman/pkg/workerpool/workerpool.go:73.8,74.12 1 31
github.com/spaghettifunk/norman/pkg/workerpool/workerpool.go:75.19,77.12 2 6
github.com/spaghettifunk/norman/pkg/workerpool/workerpool.go:78.32,79.13 1 20
github.com/spaghettifunk/norman/pkg/workerpool/workerpool.go:79.13,82.7 2 0
github.com/spaghettifunk/norman/pkg/workerpool/workerpool.go:83.6,83.43 1 20
github.com/spaghettifunk/norman/pkg/workerpool/workerpool.go:83.43,85.7 1 0
github.com/spaghettifunk/norman/pkg/workerpool/workerpool.go:92.29,93.19 1 3
github.com/spaghettifunk/norman/pkg/workerpool/workerpool.go:93.19,96.3 2 2
github.com/spaghettifunk/norman/pkg/workerpool/workerpool.go:101.38,102.9 1 23
github.com/spaghettifunk/norman/pkg/workerpool/workerpool.go:103.20,103.20 0 20
github.com/spaghettifunk/norman/pkg/workerpool/workerpool.go:104.16,104.16 0 3
github.com/spaghettifunk/norman/pkg/workerpool/workerpool.go:109.49,111.2 1 0
