mode: atomic
github.com/spaghettifunk/norman/internal/common/entities/datetime.go:53.72,54.18 1 11
github.com/spaghettifunk/norman/internal/common/entities/datetime.go:54.18,56.3 1 0
github.com/spaghettifunk/norman/internal/common/entities/datetime.go:58.2,58.42 1 11
github.com/spaghettifunk/norman/internal/common/entities/datetime.go:58.42,60.3 1 7
github.com/spaghettifunk/norman/internal/common/entities/datetime.go:60.8,63.3 1 4
github.com/spaghettifunk/norman/internal/common/entities/datetime.go:66.62,69.90 2 7
github.com/spaghettifunk/norman/internal/common/entities/datetime.go:69.90,71.3 1 0
github.com/spaghettifunk/norman/internal/common/entities/datetime.go:73.2,75.16 3 7
github.com/spaghettifunk/norman/internal/common/entities/datetime.go:75.16,77.3 1 0
github.com/spaghettifunk/norman/internal/common/entities/datetime.go:78.2,78.15 1 7
github.com/spaghettifunk/norman/internal/common/entities/datetime.go:78.15,80.3 1 0
github.com/spaghettifunk/norman/internal/common/entities/datetime.go:82.2,83.9 2 7
github.com/spaghettifunk/norman/internal/common/entities/datetime.go:83.9,85.3 1 0
github.com/spaghettifunk/norman/internal/common/entities/datetime.go:87.2,88.27 2 7
github.com/spaghettifunk/norman/internal/common/entities/datetime.go:88.27,90.3 1 0
github.com/spaghettifunk/norman/internal/common/entities/datetime.go:92.2,93.16 2 7
github.com/spaghettifunk/norman/internal/common/entities/datetime.go:93.16,95.3 1 0
github.com/spaghettifunk/norman/internal/common/entities/datetime.go:96.2,96.20 1 7
github.com/spaghettifunk/norman/internal/common/entities/datetime.go:97.13,102.9 1 4
github.com/spaghettifunk/norman/internal/common/entities/datetime.go:104.17,109.9 1 3
github.com/spaghettifunk/norman/internal/common/entities/datetime.go:111.26,116.9 1 0
github.com/spaghettifunk/norman/internal/common/entities/datetime.go:118.10,119.176 1 0
github.com/spaghettifunk/norman/internal/common/entities/datetime.go:123.61,125.76 2 4
github.com/spaghettifunk/norman/internal/common/entities/datetime.go:125.76,127.3 1 0
github.com/spaghettifunk/norman/internal/common/entities/datetime.go:129.2,130.20 2 4
github.com/spaghettifunk/norman/internal/common/entities/datetime.go:131.13,133.17 2 1
github.com/spaghettifunk/norman/internal/common/entities/datetime.go:133.17,135.4 1 0
github.com/spaghettifunk/norman/internal/common/entities/datetime.go:136.3,140.9 1 1
github.com/spaghettifunk/norman/internal/common/entities/datetime.go:141.17,143.17 2 1
github.com/spaghettifunk/norman/internal/common/entities/datetime.go:143.17,145.4 1 0
github.com/spaghettifunk/norman/internal/common/entities/datetime.go:146.3,150.9 1 1
github.com/spaghettifunk/norman/internal/common/entities/datetime.go:152.26,154.22 2 1
github.com/spaghettifunk/norman/internal/common/entities/datetime.go:154.22,156.4 1 1
github.com/spaghettifunk/norman/internal/common/entities/datetime.go:158.3,159.22 2 1
github.com/spaghettifunk/norman/internal/common/entities/datetime.go:159.22,161.4 1 1
github.com/spaghettifunk/norman/internal/common/entities/datetime.go:163.3,164.17 2 1
github.com/spaghettifunk/norman/internal/common/entities/datetime.go:164.17,166.4 1 0
github.com/spaghettifunk/norman/internal/common/entities/datetime.go:168.3,172.9 1 1
github.com/spaghettifunk/norman/internal/common/entities/datetime.go:174.10,175.168 1 1
github.com/spaghettifunk/norman/internal/common/entities/datetime.go:179.78,182.21 3 2
github.com/spaghettifunk/norman/internal/common/entities/datetime.go:182.21,185.17 3 0
github.com/spaghettifunk/norman/internal/common/entities/datetime.go:185.17,187.4 1 0
github.com/spaghettifunk/norman/internal/common/entities/datetime.go:188.3,188.16 1 0
github.com/spaghettifunk/norman/internal/common/entities/datetime.go:188.16,190.4 1 0
github.com/spaghettifunk/norman/internal/common/entities/datetime.go:193.2,193.21 1 2
github.com/spaghettifunk/norman/internal/common/entities/datetime.go:193.21,195.10 2 1
github.com/spaghettifunk/norman/internal/common/entities/datetime.go:195.10,197.4 1 0
github.com/spaghettifunk/norman/internal/common/entities/datetime.go:198.3,198.16 1 1
github.com/spaghettifunk/norman/internal/common/entities/datetime.go:201.2,201.22 1 2
github.com/spaghettifunk/norman/internal/common/entities/datetime.go:209.115,211.2 1 8
github.com/spaghettifunk/norman/internal/common/entities/granularity.go:15.66,17.57 2 7
github.com/spaghettifunk/norman/internal/common/entities/granularity.go:17.57,19.3 1 0
github.com/spaghettifunk/norman/internal/common/entities/granularity.go:21.2,22.16 2 7
github.com/spaghettifunk/norman/internal/common/entities/granularity.go:22.16,24.3 1 0
github.com/spaghettifunk/norman/internal/common/entities/granularity.go:26.2,27.9 2 7
github.com/spaghettifunk/norman/internal/common/entities/granularity.go:27.9,29.3 1 0
github.com/spaghettifunk/norman/internal/common/entities/granularity.go:31.2,34.8 1 7
github.com/spaghettifunk/norman/internal/common/entities/schema.go:39.52,41.2 1 0
github.com/spaghettifunk/norman/internal/common/entities/schema.go:43.62,45.33 1 0
github.com/spaghettifunk/norman/internal/common/entities/schema.go:45.33,47.3 1 0
github.com/spaghettifunk/norman/internal/common/entities/schema.go:49.2,54.42 5 0
github.com/spaghettifunk/norman/internal/common/entities/schema.go:57.53,59.50 2 0
github.com/spaghettifunk/norman/internal/common/entities/schema.go:59.50,66.3 2 0
github.com/spaghettifunk/norman/internal/common/entities/schema.go:67.2,67.15 1 0
github.com/spaghettifunk/norman/internal/common/entities/schema.go:70.50,72.44 2 0
github.com/spaghettifunk/norman/internal/common/entities/schema.go:72.44,79.3 2 0
github.com/spaghettifunk/norman/internal/common/entities/schema.go:80.2,80.15 1 0
github.com/spaghettifunk/norman/internal/common/entities/schema.go:83.49,90.2 2 0
github.com/spaghettifunk/norman/internal/common/entities/schema.go:92.67,94.2 1 0
github.com/spaghettifunk/norman/internal/common/entities/schema.go:96.61,98.2 1 0
github.com/spaghettifunk/norman/internal/common/entities/table.go:13.60,15.16 2 0
github.com/spaghettifunk/norman/internal/common/entities/table.go:15.16,17.3 1 0
github.com/spaghettifunk/norman/internal/common/entities/table.go:18.2,22.8 1 0
github.com/spaghettifunk/norman/internal/common/entities/table.go:25.52,27.2 1 0
github.com/spaghettifunk/norman/internal/common/entities/table.go:29.49,31.2 1 0
github.com/spaghettifunk/norman/internal/common/entities/table.go:33.48,35.2 1 0
github.com/spaghettifunk/norman/internal/storage/ingestion/offline/blob/s3.go:29.69,34.2 1 0
github.com/spaghettifunk/norman/internal/storage/ingestion/offline/blob/s3.go:37.66,43.16 2 0
github.com/spaghettifunk/norman/internal/storage/ingestion/offline/blob/s3.go:43.16,45.3 1 0
github.com/spaghettifunk/norman/internal/storage/ingestion/offline/blob/s3.go:47.2,47.21 1 0
github.com/spaghettifunk/norman/internal/storage/ingestion/offline/blob/s3.go:52.50,61.35 2 0
github.com/spaghettifunk/norman/internal/storage/ingestion/offline/blob/s3.go:61.35,63.3 1 0
github.com/spaghettifunk/norman/internal/storage/ingestion/offline/blob/s3.go:64.2,64.13 1 0
github.com/spaghettifunk/norman/internal/storage/ingestion/offline/blob/s3.go:69.67,74.17 2 0
github.com/spaghettifunk/norman/internal/storage/ingestion/offline/blob/s3.go:74.17,80.3 2 0
github.com/spaghettifunk/norman/internal/storage/ingestion/offline/blob/s3.go:81.2,81.19 1 0
github.com/spaghettifunk/norman/internal/storage/ingestion/offline/blob/s3.go:86.67,91.17 2 0
github.com/spaghettifunk/norman/internal/storage/ingestion/offline/blob/s3.go:91.17,94.17 2 0
github.com/spaghettifunk/norman/internal/storage/ingestion/offline/blob/s3.go:94.17,96.4 1 0
github.com/spaghettifunk/norman/internal/storage/ingestion/offline/blob/s3.go:97.3,100.19 2 0
github.com/spaghettifunk/norman/internal/storage/ingestion/offline/blob/s3.go:102.2,102.19 1 0
github.com/spaghettifunk/norman/internal/storage/ingestion/offline/blob/s3.go:106.63,112.18 2 0
github.com/spaghettifunk/norman/internal/storage/ingestion/offline/blob/s3.go:112.18,114.118 2 0
github.com/spaghettifunk/norman/internal/storage/ingestion/offline/blob/s3.go:114.118,116.4 1 0
github.com/spaghettifunk/norman/internal/storage/ingestion/offline/blob/s3.go:118.2,118.12 1 0
github.com/spaghettifunk/norman/internal/storage/ingestion/offline/blob/s3.go:122.73,125.16 2 0
github.com/spaghettifunk/norman/internal/storage/ingestion/offline/blob/s3.go:125.16,127.3 1 0
github.com/spaghettifunk/norman/internal/storage/ingestion/offline/blob/s3.go:129.2,129.15 1 0
github.com/spaghettifunk/norman/internal/storage/ingestion/offline/blob/s3.go:129.15,131.3 1 0
github.com/spaghettifunk/norman/internal/storage/ingestion/offline/blob/s3.go:134.2,139.16 5 0
github.com/spaghettifunk/norman/internal/storage/ingestion/offline/blob/s3.go:139.16,141.3 1 0
github.com/spaghettifunk/norman/internal/storage/ingestion/offline/blob/s3.go:145.2,155.12 2 0
github.com/spaghettifunk/norman/internal/storage/manager/index_manager.go:32.63,34.2 1 0
github.com/spaghettifunk/norman/internal/storage/manager/index_manager.go:36.82,37.31 1 0
github.com/spaghettifunk/norman/internal/storage/manager/index_manager.go:37.31,39.3 1 0
github.com/spaghettifunk/norman/internal/storage/manager/index_manager.go:41.2,41.19 1 0
github.com/spaghettifunk/norman/internal/storage/manager/index_manager.go:42.25,43.62 1 0
github.com/spaghettifunk/norman/internal/storage/manager/index_manager.go:44.19,45.53 1 0
github.com/spaghettifunk/norman/internal/storage/manager/index_manager.go:46.18,47.51 1 0
github.com/spaghettifunk/norman/internal/storage/manager/index_manager.go:48.19,49.53 1 0
github.com/spaghettifunk/norman/internal/storage/manager/index_manager.go:50.21,51.57 1 0
github.com/spaghettifunk/norman/internal/storage/manager/index_manager.go:53.2,53.12 1 0
github.com/spaghettifunk/norman/internal/storage/manager/index_manager.go:56.63,62.2 1 0
github.com/spaghettifunk/norman/internal/storage/manager/table_manager.go:36.68,39.16 2 3
github.com/spaghettifunk/norman/internal/storage/manager/table_manager.go:39.16,41.3 1 0
github.com/spaghettifunk/norman/internal/storage/manager/table_manager.go:45.2,46.58 2 3
github.com/spaghettifunk/norman/internal/storage/manager/table_manager.go:46.58,48.3 1 0
github.com/spaghettifunk/norman/internal/storage/manager/table_manager.go:50.2,53.16 3 3
github.com/spaghettifunk/norman/internal/storage/manager/table_manager.go:53.16,55.3 1 0
github.com/spaghettifunk/norman/internal/storage/manager/table_manager.go:58.2,70.8 3 3
github.com/spaghettifunk/norman/internal/storage/manager/table_manager.go:73.49,78.16 4 3
github.com/spaghettifunk/norman/internal/storage/manager/table_manager.go:78.16,80.3 1 0
github.com/spaghettifunk/norman/internal/storage/manager/table_manager.go:81.2,82.12 2 3
github.com/spaghettifunk/norman/internal/storage/manager/table_manager.go:85.54,87.53 2 4
github.com/spaghettifunk/norman/internal/storage/manager/table_manager.go:87.53,89.3 1 0
github.com/spaghettifunk/norman/internal/storage/manager/table_manager.go:92.2,96.42 3 4
github.com/spaghettifunk/norman/internal/storage/manager/table_manager.go:96.42,98.3 1 1
github.com/spaghettifunk/norman/internal/storage/manager/table_manager.go:100.2,103.91 2 4
github.com/spaghettifunk/norman/internal/storage/manager/table_manager.go:103.91,104.42 1 1
github.com/spaghettifunk/norman/internal/storage/manager/table_manager.go:104.42,106.4 1 0
github.com/spaghettifunk/norman/internal/storage/manager/table_manager.go:107.3,107.46 1 1
github.com/spaghettifunk/norman/internal/storage/manager/table_manager.go:107.46,109.4 1 0
github.com/spaghettifunk/norman/internal/storage/manager/table_manager.go:111.3,112.69 2 1
github.com/spaghettifunk/norman/internal/storage/manager/table_manager.go:115.2,117.12 2 4
github.com/spaghettifunk/norman/internal/storage/manager/table_manager.go:121.67,124.54 2 4
github.com/spaghettifunk/norman/internal/storage/manager/table_manager.go:124.54,125.33 1 12
github.com/spaghettifunk/norman/internal/storage/manager/table_manager.go:125.33,128.11 3 12
github.com/spaghettifunk/norman/internal/storage/manager/table_manager.go:128.11,131.5 2 0
github.com/spaghettifunk/norman/internal/storage/manager/table_manager.go:132.4,133.28 2 12
github.com/spaghettifunk/norman/internal/storage/manager/table_manager.go:137.2,137.13 1 4
github.com/spaghettifunk/norman/internal/storage/manager/table_manager.go:143.45,145.54 2 2
github.com/spaghettifunk/norman/internal/storage/manager/table_manager.go:145.54,147.3 1 0
github.com/spaghettifunk/norman/internal/storage/manager/table_manager.go:149.2,150.12 2 2
github.com/spaghettifunk/norman/internal/storage/manager/table_manager.go:155.95,156.20 1 12
github.com/spaghettifunk/norman/internal/storage/manager/table_manager.go:157.34,159.42 2 0
github.com/spaghettifunk/norman/internal/storage/manager/table_manager.go:160.35,162.43 2 4
github.com/spaghettifunk/norman/internal/storage/manager/table_manager.go:163.36,165.44 2 0
github.com/spaghettifunk/norman/internal/storage/manager/table_manager.go:166.36,168.44 2 0
github.com/spaghettifunk/norman/internal/storage/manager/table_manager.go:169.37,171.44 2 0
github.com/spaghettifunk/norman/internal/storage/manager/table_manager.go:172.34,174.42 2 4
github.com/spaghettifunk/norman/internal/storage/manager/table_manager.go:175.32,177.43 2 4
github.com/spaghettifunk/norman/internal/storage/manager/table_manager.go:178.32,180.42 2 0
github.com/spaghettifunk/norman/pkg/indexer/bitmap/bitmap_index.go:13.50,17.2 1 0
github.com/spaghettifunk/norman/pkg/indexer/bitmap/bitmap_index.go:19.60,21.34 1 0
github.com/spaghettifunk/norman/pkg/indexer/bitmap/bitmap_index.go:21.34,23.3 1 0
github.com/spaghettifunk/norman/pkg/indexer/bitmap/bitmap_index.go:24.2,26.13 2 0
github.com/spaghettifunk/norman/pkg/indexer/bitmap/bitmap_index.go:29.51,31.2 1 0
github.com/spaghettifunk/norman/pkg/indexer/bitmap/bitmap_index.go:33.59,35.2 1 0
github.com/spaghettifunk/norman/pkg/indexer/inverted/text/filter.go:10.71,12.31 2 13
github.com/spaghettifunk/norman/pkg/indexer/inverted/text/filter.go:12.31,14.3 1 51
github.com/spaghettifunk/norman/pkg/indexer/inverted/text/filter.go:15.2,15.10 1 13
github.com/spaghettifunk/norman/pkg/indexer/inverted/text/filter.go:24.70,26.31 2 13
github.com/spaghettifunk/norman/pkg/indexer/inverted/text/filter.go:26.31,27.30 1 51
github.com/spaghettifunk/norman/pkg/indexer/inverted/text/filter.go:27.30,29.4 1 25
github.com/spaghettifunk/norman/pkg/indexer/inverted/text/filter.go:31.2,31.10 1 13
github.com/spaghettifunk/norman/pkg/indexer/inverted/text/filter.go:35.69,37.31 2 13
github.com/spaghettifunk/norman/pkg/indexer/inverted/text/filter.go:37.31,39.3 1 25
github.com/spaghettifunk/norman/pkg/indexer/inverted/text/filter.go:40.2,40.10 1 13
github.com/spaghettifunk/norman/pkg/indexer/inverted/text/text_inverted_index.go:16.31,18.33 2 3
github.com/spaghettifunk/norman/pkg/indexer/inverted/text/text_inverted_index.go:18.33,20.3 1 105
github.com/spaghettifunk/norman/pkg/indexer/inverted/text/text_inverted_index.go:22.2,25.3 1 3
github.com/spaghettifunk/norman/pkg/indexer/inverted/text/text_inverted_index.go:30.71,34.30 3 8
github.com/spaghettifunk/norman/pkg/indexer/inverted/text/text_inverted_index.go:34.30,35.33 1 18
github.com/spaghettifunk/norman/pkg/indexer/inverted/text/text_inverted_index.go:35.33,36.12 1 2
github.com/spaghettifunk/norman/pkg/indexer/inverted/text/text_inverted_index.go:39.3,40.10 2 16
github.com/spaghettifunk/norman/pkg/indexer/inverted/text/text_inverted_index.go:40.10,43.4 2 10
github.com/spaghettifunk/norman/pkg/indexer/inverted/text/text_inverted_index.go:45.3,46.23 2 16
github.com/spaghettifunk/norman/pkg/indexer/inverted/text/text_inverted_index.go:48.2,48.13 1 8
github.com/spaghettifunk/norman/pkg/indexer/inverted/text/text_inverted_index.go:52.58,54.40 2 5
github.com/spaghettifunk/norman/pkg/indexer/inverted/text/text_inverted_index.go:54.40,55.36 1 7
github.com/spaghettifunk/norman/pkg/indexer/inverted/text/text_inverted_index.go:55.36,56.16 1 6
github.com/spaghettifunk/norman/pkg/indexer/inverted/text/text_inverted_index.go:56.16,59.28 3 4
github.com/spaghettifunk/norman/pkg/indexer/inverted/text/text_inverted_index.go:59.28,61.6 1 8
github.com/spaghettifunk/norman/pkg/indexer/inverted/text/text_inverted_index.go:62.10,65.5 1 2
github.com/spaghettifunk/norman/pkg/indexer/inverted/text/text_inverted_index.go:66.9,69.4 1 1
github.com/spaghettifunk/norman/pkg/indexer/inverted/text/text_inverted_index.go:71.2,71.20 1 4
github.com/spaghettifunk/norman/pkg/indexer/inverted/text/tokenizer.go:9.60,10.52 1 13
github.com/spaghettifunk/norman/pkg/indexer/inverted/text/tokenizer.go:10.52,13.3 1 281
github.com/spaghettifunk/norman/pkg/indexer/inverted/text/tokenizer.go:17.59,23.2 5 13
github.com/spaghettifunk/norman/pkg/indexer/startree/star_tree_index.go:26.51,33.2 1 0
github.com/spaghettifunk/norman/pkg/indexer/startree/star_tree_index.go:35.62,37.2 1 0
github.com/spaghettifunk/norman/pkg/indexer/startree/star_tree_index.go:39.125,40.32 1 0
github.com/spaghettifunk/norman/pkg/indexer/startree/star_tree_index.go:40.32,42.50 1 0
github.com/spaghettifunk/norman/pkg/indexer/startree/star_tree_index.go:42.50,45.4 1 0
github.com/spaghettifunk/norman/pkg/indexer/startree/star_tree_index.go:46.3,46.9 1 0
github.com/spaghettifunk/norman/pkg/indexer/startree/star_tree_index.go:49.2,51.9 3 0
github.com/spaghettifunk/norman/pkg/indexer/startree/star_tree_index.go:51.9,54.3 2 0
github.com/spaghettifunk/norman/pkg/indexer/startree/star_tree_index.go:57.2,58.34 2 0
github.com/spaghettifunk/norman/pkg/indexer/startree/star_tree_index.go:58.34,59.76 1 0
github.com/spaghettifunk/norman/pkg/indexer/startree/star_tree_index.go:59.76,61.9 2 0
github.com/spaghettifunk/norman/pkg/indexer/startree/star_tree_index.go:66.2,66.18 1 0
github.com/spaghettifunk/norman/pkg/indexer/startree/star_tree_index.go:66.18,75.3 2 0
github.com/spaghettifunk/norman/pkg/indexer/startree/star_tree_index.go:78.2,78.51 1 0
github.com/spaghettifunk/norman/pkg/indexer/range/range_index.go:13.49,17.2 1 1
github.com/spaghettifunk/norman/pkg/indexer/range/range_index.go:19.59,21.2 1 0
github.com/spaghettifunk/norman/pkg/indexer/sorted/sorted_index.go:11.50,13.2 1 1
github.com/spaghettifunk/norman/pkg/indexer/sorted/sorted_index.go:15.60,17.2 1 0
github.com/spaghettifunk/norman/pkg/workerpool/workerpool.go:43.67,44.21 1 7
github.com/spaghettifunk/norman/pkg/workerpool/workerpool.go:44.21,46.3 1 2
github.com/spaghettifunk/norman/pkg/workerpool/workerpool.go:47.2,47.21 1 5
github.com/spaghettifunk/norman/pkg/workerpool/workerpool.go:47.21,49.3 1 1
github.com/spaghettifunk/norman/pkg/workerpool/workerpool.go:51.2,59.8 2 4
github.com/spaghettifunk/norman/pkg/workerpool/workerpool.go:62.30,63.20 1 4
github.com/spaghettifunk/norman/pkg/workerpool/workerpool.go:63.20,66.3 2 3
github.com/spaghettifunk/norman/pkg/workerpool/workerpool.go:69.37,70.36 1 3
github.com/spaghettifunk/norman/pkg/workerpool/workerpool.go:70.36,71.26 1 11
github.com/spaghettifunk/norman/pkg/workerpool/workerpool.go:71.26,73.8 2 11
github.com/spaghettifunk/norman/pkg/workerpool/workerpool.go:73.8,74.12 1 31
github.com/spaghettifunk/norman/pkg/workerpool/workerpool.go:75.19,77.12 2 6
github.com/spaghettifunk/norman/pkg/workerpool/workerpool.go:78.32,79.13 1 20
github.com/spaghettifunk/norman/pkg/workerpool/workerpool.go:79.13,82.7 2 0
github.com/spaghettifunk/norman/pkg/workerpool/workerpool.go:83.6,83.43 1 20
github.com/spaghettifunk/norman/pkg/workerpool/workerpool.go:83.43,85.7 1 0
github.com/spaghettifunk/norman/pkg/workerpool/workerpool.go:92.29,93.19 1 3
github.com/spaghettifunk/norman/pkg/workerpool/workerpool.go:93.19,96.3 2 2
github.com/spaghettifunk/norman/pkg/workerpool/workerpool.go:101.38,102.9 1 23
github.com/spaghettifunk/norman/pkg/workerpool/workerpool.go:103.20,103.20 0 20
github.com/spaghettifunk/norman/pkg/workerpool/workerpool.go:104.16,104.16 0 3
github.com/spaghettifunk/norman/pkg/workerpool/workerpool.go:109.49,111.2 1 0
